[debug] [2025-03-31T10:52:14.856Z] ----------------------------------------------------------------------
[debug] [2025-03-31T10:52:14.857Z] Command:       C:\Program Files\nodejs\node.exe C:\Users\DELL\AppData\Roaming\npm\node_modules\firebase-tools\lib\bin\firebase.js init
[debug] [2025-03-31T10:52:14.858Z] CLI Version:   14.0.1
[debug] [2025-03-31T10:52:14.858Z] Platform:      win32
[debug] [2025-03-31T10:52:14.858Z] Node Version:  v22.14.0
[debug] [2025-03-31T10:52:14.858Z] Time:          Mon Mar 31 2025 11:52:14 GMT+0100 (West Africa Standard Time)
[debug] [2025-03-31T10:52:14.858Z] ----------------------------------------------------------------------
[debug] 
[debug] [2025-03-31T10:52:14.864Z] > command requires scopes: ["email","openid","https://www.googleapis.com/auth/cloudplatformprojects.readonly","https://www.googleapis.com/auth/firebase","https://www.googleapis.com/auth/cloud-platform"]
[debug] [2025-03-31T10:52:14.864Z] > authorizing via signed-in user (dexabdull@gmail.com)
[info] 
     ######## #### ########  ######## ########     ###     ######  ########
     ##        ##  ##     ## ##       ##     ##  ##   ##  ##       ##
     ######    ##  ########  ######   ########  #########  ######  ######
     ##        ##  ##    ##  ##       ##     ## ##     ##       ## ##
     ##       #### ##     ## ######## ########  ##     ##  ######  ########

You're about to initialize a Firebase project in this directory:

  C:\Users\DELL\Desktop\apps\Quiz-App

[info] 
=== Project Setup
[info] 
[info] First, let's associate this project directory with a Firebase project.
[info] You can create multiple project aliases by running firebase use --add, 
[info] but for now we'll just set up a default project.
[info] 
[debug] [2025-03-31T10:52:25.882Z] Checked if tokens are valid: true, expires at: 1743420745580
[debug] [2025-03-31T10:52:25.883Z] Checked if tokens are valid: true, expires at: 1743420745580
[debug] [2025-03-31T10:52:25.885Z] >>> [apiv2][query] GET https://firebase.googleapis.com/v1beta1/projects pageSize=100
[debug] [2025-03-31T10:52:28.356Z] <<< [apiv2][status] GET https://firebase.googleapis.com/v1beta1/projects 200
[debug] [2025-03-31T10:52:28.357Z] <<< [apiv2][body] GET https://firebase.googleapis.com/v1beta1/projects [omitted]
[info] i  Using project quizapp-36ea1 (quizapp) 
[info] 
=== Firestore Setup
[debug] [2025-03-31T10:52:30.510Z] Checked if tokens are valid: true, expires at: 1743420745580
[debug] [2025-03-31T10:52:30.510Z] Checked if tokens are valid: true, expires at: 1743420745580
[debug] [2025-03-31T10:52:30.511Z] >>> [apiv2][query] GET https://serviceusage.googleapis.com/v1/projects/quizapp-36ea1/services/firestore.googleapis.com [none]
[debug] [2025-03-31T10:52:30.511Z] >>> [apiv2][(partial)header] GET https://serviceusage.googleapis.com/v1/projects/quizapp-36ea1/services/firestore.googleapis.com x-goog-quota-user=projects/quizapp-36ea1
[debug] [2025-03-31T10:52:31.849Z] <<< [apiv2][status] GET https://serviceusage.googleapis.com/v1/projects/quizapp-36ea1/services/firestore.googleapis.com 200
[debug] [2025-03-31T10:52:31.850Z] <<< [apiv2][body] GET https://serviceusage.googleapis.com/v1/projects/quizapp-36ea1/services/firestore.googleapis.com [omitted]
[debug] [2025-03-31T10:52:31.851Z] Checked if tokens are valid: true, expires at: 1743420745580
[debug] [2025-03-31T10:52:31.851Z] Checked if tokens are valid: true, expires at: 1743420745580
[debug] [2025-03-31T10:52:31.851Z] >>> [apiv2][query] GET https://firestore.googleapis.com/v1/projects/quizapp-36ea1/databases/(default) [none]
[debug] [2025-03-31T10:52:33.054Z] <<< [apiv2][status] GET https://firestore.googleapis.com/v1/projects/quizapp-36ea1/databases/(default) 200
[debug] [2025-03-31T10:52:33.055Z] <<< [apiv2][body] GET https://firestore.googleapis.com/v1/projects/quizapp-36ea1/databases/(default) {"name":"projects/quizapp-36ea1/databases/(default)","uid":"46bef4f0-a48b-4183-bd8e-7cf451e83fcc","createTime":"2025-03-31T10:50:59.457777Z","updateTime":"2025-03-31T10:50:59.457777Z","locationId":"nam5","type":"FIRESTORE_NATIVE","concurrencyMode":"PESSIMISTIC","versionRetentionPeriod":"3600s","earliestVersionTime":"2025-03-31T10:50:59.457777Z","appEngineIntegrationMode":"DISABLED","keyPrefix":"s","pointInTimeRecoveryEnablement":"POINT_IN_TIME_RECOVERY_DISABLED","deleteProtectionState":"DELETE_PROTECTION_DISABLED","databaseEdition":"STANDARD","freeTier":true,"etag":"INiqjb2TtIwDMPGNs5CTtIwD"}
[debug] [2025-03-31T10:52:33.055Z] database_type: FIRESTORE_NATIVE
[debug] [2025-03-31T10:52:33.055Z] database_type: FIRESTORE_NATIVE
[debug] [2025-03-31T10:52:33.055Z] > command requires scopes: ["email","openid","https://www.googleapis.com/auth/cloudplatformprojects.readonly","https://www.googleapis.com/auth/firebase","https://www.googleapis.com/auth/cloud-platform"]
[debug] [2025-03-31T10:52:33.055Z] > authorizing via signed-in user (dexabdull@gmail.com)
[debug] [2025-03-31T10:52:33.055Z] [iam] checking project quizapp-36ea1 for permissions ["firebase.projects.get"]
[debug] [2025-03-31T10:52:33.056Z] Checked if tokens are valid: true, expires at: 1743420745580
[debug] [2025-03-31T10:52:33.056Z] Checked if tokens are valid: true, expires at: 1743420745580
[debug] [2025-03-31T10:52:33.056Z] >>> [apiv2][query] POST https://cloudresourcemanager.googleapis.com/v1/projects/quizapp-36ea1:testIamPermissions [none]
[debug] [2025-03-31T10:52:33.056Z] >>> [apiv2][(partial)header] POST https://cloudresourcemanager.googleapis.com/v1/projects/quizapp-36ea1:testIamPermissions x-goog-quota-user=projects/quizapp-36ea1
[debug] [2025-03-31T10:52:33.056Z] >>> [apiv2][body] POST https://cloudresourcemanager.googleapis.com/v1/projects/quizapp-36ea1:testIamPermissions {"permissions":["firebase.projects.get"]}
[debug] [2025-03-31T10:52:33.840Z] <<< [apiv2][status] POST https://cloudresourcemanager.googleapis.com/v1/projects/quizapp-36ea1:testIamPermissions 200
[debug] [2025-03-31T10:52:33.841Z] <<< [apiv2][body] POST https://cloudresourcemanager.googleapis.com/v1/projects/quizapp-36ea1:testIamPermissions {"permissions":["firebase.projects.get"]}
[info] 
[info] Firestore Security Rules allow you to define how and when to allow
[info] requests. You can keep these rules in your project directory
[info] and publish them with firebase deploy.
[info] 
[debug] [2025-03-31T10:52:35.555Z] Checked if tokens are valid: true, expires at: 1743420745580
[debug] [2025-03-31T10:52:35.555Z] Checked if tokens are valid: true, expires at: 1743420745580
[debug] [2025-03-31T10:52:35.555Z] >>> [apiv2][query] GET https://firebaserules.googleapis.com/v1/projects/quizapp-36ea1/releases pageSize=10&pageToken=
[debug] [2025-03-31T10:52:36.823Z] <<< [apiv2][status] GET https://firebaserules.googleapis.com/v1/projects/quizapp-36ea1/releases 200
[debug] [2025-03-31T10:52:36.823Z] <<< [apiv2][body] GET https://firebaserules.googleapis.com/v1/projects/quizapp-36ea1/releases {"releases":[{"name":"projects/quizapp-36ea1/releases/cloud.firestore","rulesetName":"projects/quizapp-36ea1/rulesets/bd19eeb1-1729-4768-8d49-c9ee7ae2f452","createTime":"2025-03-31T10:51:07.743046Z","updateTime":"2025-03-31T10:51:07.743046Z"}]}
[debug] [2025-03-31T10:52:36.824Z] Found ruleset: projects/quizapp-36ea1/rulesets/bd19eeb1-1729-4768-8d49-c9ee7ae2f452
[debug] [2025-03-31T10:52:36.824Z] Checked if tokens are valid: true, expires at: 1743420745580
[debug] [2025-03-31T10:52:36.824Z] Checked if tokens are valid: true, expires at: 1743420745580
[debug] [2025-03-31T10:52:36.824Z] >>> [apiv2][query] GET https://firebaserules.googleapis.com/v1/projects/quizapp-36ea1/rulesets/bd19eeb1-1729-4768-8d49-c9ee7ae2f452 [none]
[debug] [2025-03-31T10:52:37.174Z] <<< [apiv2][status] GET https://firebaserules.googleapis.com/v1/projects/quizapp-36ea1/rulesets/bd19eeb1-1729-4768-8d49-c9ee7ae2f452 200
[debug] [2025-03-31T10:52:37.175Z] <<< [apiv2][body] GET https://firebaserules.googleapis.com/v1/projects/quizapp-36ea1/rulesets/bd19eeb1-1729-4768-8d49-c9ee7ae2f452 [omitted]
[info] 
[info] Firestore indexes allow you to perform complex queries while
[info] maintaining performance that scales with the size of the result
[info] set. You can keep index definitions in your project directory
[info] and publish them with firebase deploy.
[info] 
[debug] [2025-03-31T10:52:38.875Z] Checked if tokens are valid: true, expires at: 1743420745580
[debug] [2025-03-31T10:52:38.875Z] Checked if tokens are valid: true, expires at: 1743420745580
[debug] [2025-03-31T10:52:38.876Z] Checked if tokens are valid: true, expires at: 1743420745580
[debug] [2025-03-31T10:52:38.876Z] Checked if tokens are valid: true, expires at: 1743420745580
[debug] [2025-03-31T10:52:38.876Z] >>> [apiv2][query] GET https://firestore.googleapis.com/v1/projects/quizapp-36ea1/databases/(default)/collectionGroups/-/indexes [none]
[debug] [2025-03-31T10:52:38.877Z] >>> [apiv2][query] GET https://firestore.googleapis.com/v1/projects/quizapp-36ea1/databases/(default)/collectionGroups/-/fields?filter=indexConfig.usesAncestorConfig=false OR ttlConfig:* [none]
[debug] [2025-03-31T10:52:40.183Z] <<< [apiv2][status] GET https://firestore.googleapis.com/v1/projects/quizapp-36ea1/databases/(default)/collectionGroups/-/indexes 200
[debug] [2025-03-31T10:52:40.183Z] <<< [apiv2][body] GET https://firestore.googleapis.com/v1/projects/quizapp-36ea1/databases/(default)/collectionGroups/-/indexes {}
[debug] [2025-03-31T10:52:40.479Z] <<< [apiv2][status] GET https://firestore.googleapis.com/v1/projects/quizapp-36ea1/databases/(default)/collectionGroups/-/fields?filter=indexConfig.usesAncestorConfig=false OR ttlConfig:* 200
[debug] [2025-03-31T10:52:40.480Z] <<< [apiv2][body] GET https://firestore.googleapis.com/v1/projects/quizapp-36ea1/databases/(default)/collectionGroups/-/fields?filter=indexConfig.usesAncestorConfig=false OR ttlConfig:* {"fields":[{"name":"projects/quizapp-36ea1/databases/(default)/collectionGroups/__default__/fields/*","indexConfig":{"indexes":[{"queryScope":"COLLECTION","fields":[{"fieldPath":"*","order":"ASCENDING"}],"state":"READY"},{"queryScope":"COLLECTION","fields":[{"fieldPath":"*","order":"DESCENDING"}],"state":"READY"},{"queryScope":"COLLECTION","fields":[{"fieldPath":"*","arrayConfig":"CONTAINS"}],"state":"READY"}]}}]}
[info] 
=== Hosting Setup
[debug] [2025-03-31T10:52:40.485Z] Checked if tokens are valid: true, expires at: 1743420745580
[debug] [2025-03-31T10:52:40.485Z] Checked if tokens are valid: true, expires at: 1743420745580
[debug] [2025-03-31T10:52:40.485Z] >>> [apiv2][query] GET https://firebase.googleapis.com/v1beta1/projects/quizapp-36ea1 [none]
[debug] [2025-03-31T10:52:41.153Z] <<< [apiv2][status] GET https://firebase.googleapis.com/v1beta1/projects/quizapp-36ea1 200
[debug] [2025-03-31T10:52:41.153Z] <<< [apiv2][body] GET https://firebase.googleapis.com/v1beta1/projects/quizapp-36ea1 {"projectId":"quizapp-36ea1","projectNumber":"998797408235","displayName":"quizapp","name":"projects/quizapp-36ea1","resources":{"hostingSite":"quizapp-36ea1"},"state":"ACTIVE","etag":"1_19a8ff11-9067-4ad4-972f-4f9497f90d0e"}
[info] 
[info] Your public directory is the folder (relative to your project directory) that
[info] will contain Hosting assets to be uploaded with firebase deploy. If you
[info] have a build process for your assets, use your build's output directory.
[info] 
[info] +  Wrote public/404.html 
[debug] [2025-03-31T10:53:02.196Z] >>> [apiv2][query] GET https://www.gstatic.com/firebasejs/releases.json [none]
[debug] [2025-03-31T10:53:02.841Z] <<< [apiv2][status] GET https://www.gstatic.com/firebasejs/releases.json 200
[debug] [2025-03-31T10:53:02.841Z] <<< [apiv2][body] GET https://www.gstatic.com/firebasejs/releases.json {"current":{"version":"11.5.0","browserURL":"https://www.gstatic.com/firebasejs/11.5.0/firebase.js","packageURL":"https://www.gstatic.com/firebasejs/11.5.0/firebase.tgz"},"live":{"version":"11.5","browserURL":"https://www.gstatic.com/firebasejs/live/11.5/firebase.js","packageURL":"https://www.gstatic.com/firebasejs/live/11.5/firebase.tgz"},"components":{"analytics":"https://www.gstatic.com/firebasejs/11.5.0/firebase-analytics.js","app":"https://www.gstatic.com/firebasejs/11.5.0/firebase-app.js","app-check":"https://www.gstatic.com/firebasejs/11.5.0/firebase-app-check.js","auth":"https://www.gstatic.com/firebasejs/11.5.0/firebase-auth.js","auth/cordova":"https://www.gstatic.com/firebasejs/11.5.0/firebase-auth/cordova.js","auth/web-extension":"https://www.gstatic.com/firebasejs/11.5.0/firebase-auth/web-extension.js","functions":"https://www.gstatic.com/firebasejs/11.5.0/firebase-functions.js","firestore":"https://www.gstatic.com/firebasejs/11.5.0/firebase-firestore.js","firestore/lite":"https://www.gstatic.com/firebasejs/11.5.0/firebase-firestore/lite.js","installations":"https://www.gstatic.com/firebasejs/11.5.0/firebase-installations.js","storage":"https://www.gstatic.com/firebasejs/11.5.0/firebase-storage.js","performance":"https://www.gstatic.com/firebasejs/11.5.0/firebase-performance.js","remote-config":"https://www.gstatic.com/firebasejs/11.5.0/firebase-remote-config.js","messaging":"https://www.gstatic.com/firebasejs/11.5.0/firebase-messaging.js","messaging/sw":"https://www.gstatic.com/firebasejs/11.5.0/firebase-messaging/sw.js","database":"https://www.gstatic.com/firebasejs/11.5.0/firebase-database.js","vertexai":"https://www.gstatic.com/firebasejs/11.5.0/firebase-vertexai.js","data-connect":"https://www.gstatic.com/firebasejs/11.5.0/firebase-data-connect.js","firestore.memory":"https://www.gstatic.com/firebasejs/11.5.0/firebase-firestore.memory.js"}}
[info] +  Wrote public/index.html 
[info] 
[info] i  Detected a .git folder at C:\Users\DELL\Desktop\apps\Quiz-App 
[info] i  Authorizing with GitHub to upload your service account to a GitHub repository's secrets store. 
[info] 
[info] Visit this URL on this device to log in:
[info] https://github.com/login/oauth/authorize?client_id=89cf50f02ac6aaed3484&state=63019297&redirect_uri=http%3A%2F%2Flocalhost%3A9005&scope=read%3Auser%20repo%20public_repo
[info] 
[info] Waiting for authentication...
[debug] [2025-03-31T10:53:03.810Z] >>> [apiv2][query] POST https://github.com/login/oauth/access_token [none]
[debug] [2025-03-31T10:53:03.810Z] >>> [apiv2][body] POST https://github.com/login/oauth/access_token [stream]
[debug] [2025-03-31T10:53:04.631Z] <<< [apiv2][status] POST https://github.com/login/oauth/access_token 200
[debug] [2025-03-31T10:53:04.642Z] >>> [apiv2][query] GET https://api.github.com/user [none]
[debug] [2025-03-31T10:53:05.411Z] <<< [apiv2][status] GET https://api.github.com/user 200
[debug] [2025-03-31T10:53:05.412Z] <<< [apiv2][body] GET https://api.github.com/user {"login":"abkaaar","id":60321535,"node_id":"MDQ6VXNlcjYwMzIxNTM1","avatar_url":"https://avatars.githubusercontent.com/u/60321535?v=4","gravatar_id":"","url":"https://api.github.com/users/abkaaar","html_url":"https://github.com/abkaaar","followers_url":"https://api.github.com/users/abkaaar/followers","following_url":"https://api.github.com/users/abkaaar/following{/other_user}","gists_url":"https://api.github.com/users/abkaaar/gists{/gist_id}","starred_url":"https://api.github.com/users/abkaaar/starred{/owner}{/repo}","subscriptions_url":"https://api.github.com/users/abkaaar/subscriptions","organizations_url":"https://api.github.com/users/abkaaar/orgs","repos_url":"https://api.github.com/users/abkaaar/repos","events_url":"https://api.github.com/users/abkaaar/events{/privacy}","received_events_url":"https://api.github.com/users/abkaaar/received_events","type":"User","user_view_type":"private","site_admin":false,"name":"Abdullah","company":null,"blog":"https://www.abkaaar.co","location":"Abuja, Nigeria","email":null,"hireable":null,"bio":"software engineer building cool stuffs, also interested in data, AI/ML.","twitter_username":null,"notification_email":null,"public_repos":62,"public_gists":1,"followers":7,"following":10,"created_at":"2020-01-26T16:05:43Z","updated_at":"2025-03-29T22:14:29Z","private_gists":0,"total_private_repos":4,"owned_private_repos":4,"disk_usage":351983,"collaborators":1,"two_factor_authentication":true,"plan":{"name":"free","space":976562499,"collaborators":0,"private_repos":10000}}
[info] 
[info] +  Success! Logged into GitHub as abkaaar 
[info] 
